# Agent Log: swift6-upgrade
# Started: 2026-01-25T20:21:18Z
# Prompt: split

I'll analyze this Swift 6 upgrade specification and split it into ordered member specs. Let me first explore the codebase to understand the current state.
Now let me check one of the test files to understand the test structure better.
Based on my analysis of the codebase, I can now propose a comprehensive split of the Swift 6 upgrade specification into ordered member specs. Here's my proposal:

---

## Member 1: Update Package.swift to Swift 6 Tools

Update Package.swift to use Swift 6 tools version and remove the Swift language version lock, allowing the project to build with Swift 6 tooling while maintaining compatibility.

### Acceptance Criteria

- [ ] Package.swift swift-tools-version changed from `5.3` to `6.0` on line 1
- [ ] Line 24 `swiftLanguageVersions: [.v5]` removed entirely from Package.swift
- [ ] Package builds successfully with `swift build` command
- [ ] No syntax errors or package manifest parsing errors
- [ ] All existing tests can be discovered and compiled (even if some fail)

### Edge Cases

- Verify that removing the language version lock doesn't introduce unexpected compilation failures in dependency resolution
- Ensure the package can still be consumed by projects using Swift 5.x tooling (backward compatibility at package level)
- Check that SPM resolves dependencies correctly with the new tools version

### Example Test Cases

Verify:
- Running `swift build` completes without package manifest errors
- Running `swift test --list-tests` shows all test cases are discoverable
- The package manifest parses correctly: `swift package dump-package` produces valid JSON output

**Affected Files:**
- Package.swift

---

## Member 2: Add Sendable Conformance to Type Enum

Make the Type enum conform to Sendable since it's a simple enum with no stored properties, making it safe to use across concurrency domains.

### Acceptance Criteria

- [ ] Type enum at line 70 has explicit `: Sendable` conformance added
- [ ] No compiler warnings about Sendable conformance
- [ ] Code compiles successfully with `swift build`
- [ ] All existing tests still pass with `swift test`
- [ ] No additional Sendable warnings introduced in code using the Type enum

### Edge Cases

- Since Type is a simple enum with only cases (no associated values or stored properties), Sendable conformance should be straightforward
- Verify that the enum's Int raw value doesn't create any Sendable issues (it shouldn't, as Int is Sendable)
- Check that all places where Type is used (especially in the JSON struct) don't have Sendable conflicts

### Example Test Cases

Verify:
- Can assign Type values across actor boundaries without warnings
- Type enum values can be captured in @Sendable closures
- No compilation warnings when Type is used in concurrent contexts

**Affected Files:**
- Source/SwiftyJSON/SwiftyJSON.swift (around line 70)

---

## Member 3: Add Sendable Conformance to SwiftyJSONError Enum

Make the SwiftyJSONError enum conform to Sendable so errors can be safely thrown and caught across actor boundaries in Swift 6 concurrency.

### Acceptance Criteria

- [ ] SwiftyJSONError enum at line 27 has explicit `: Sendable` conformance added
- [ ] No compiler warnings about Sendable conformance for the error type
- [ ] Error's CustomNSError conformance (line 36) remains functional
- [ ] Code compiles successfully with `swift build`
- [ ] All existing tests still pass with `swift test`
- [ ] Error can be thrown across actor boundaries without warnings

### Edge Cases

- Verify that the Int raw value and CustomNSError conformance don't conflict with Sendable
- Check that the errorUserInfo computed property (returns `[String: Any]`) doesn't cause Sendable issues - it shouldn't since it's computed, not stored
- Ensure that NSLocalizedDescriptionKey and string literals in the switch cases are Sendable-compatible

### Example Test Cases

Verify:
- SwiftyJSONError can be thrown from async functions
- Errors can be caught and inspected across actor boundaries
- Error userInfo dictionary is accessible in concurrent contexts
- No warnings when using `throw SwiftyJSONError.invalidJSON` in async contexts

**Affected Files:**
- Source/SwiftyJSON/SwiftyJSON.swift (around line 27)

---

## Member 4: Add Sendable Conformance to JSON Struct

Make the JSON struct conform to Sendable by analyzing its stored properties and ensuring thread-safety. This is the most complex member as JSON stores various reference types (NSNumber, arrays, dictionaries) that need careful consideration.

### Acceptance Criteria

- [ ] JSON struct at line 82 has explicit `: Sendable` conformance added
- [ ] All stored properties are verified to be Sendable-compatible or made so
- [ ] Verify rawArray (line 198) storing `[Any]` is safe - `Any` values come from Foundation JSON types which are all Sendable
- [ ] Verify rawDictionary (line 199) storing `[String: Any]` is safe
- [ ] Verify rawNumber (line 201) NSNumber is Sendable-compatible
- [ ] Verify rawNull (line 202) NSNull is Sendable-compatible
- [ ] Verify rawString (line 200) String is Sendable
- [ ] Verify rawBool (line 203) Bool is Sendable
- [ ] No compiler warnings about Sendable conformance
- [ ] Code compiles successfully with `swift build`
- [ ] All 147 existing tests pass with `swift test`

### Edge Cases

- NSNumber and NSNull are Objective-C classes - verify they're marked as Sendable in Swift 6 Foundation (they should be, as they're immutable value types)
- The `object` property (line 212) returns Any - verify this doesn't cause issues when JSON is used across actors
- The Index enum (line 274) with DictionaryIndex may need Sendable conformance
- JSONKey enum (line 342) may need Sendable conformance
- Verify that the private stored properties (rawArray, rawDictionary, etc.) containing Foundation types are truly immutable when JSON is used across actors
- Check that mutating methods (merge, subscript setters) don't create race conditions - they shouldn't since each JSON instance should not be shared mutably across actors

### Example Test Cases

Verify:
- JSON instances can be passed to actor-isolated functions
- JSON can be captured in @Sendable closures
- JSON can be stored in actor properties
- JSON array and dictionary access works across actor boundaries
- Subscript operations on JSON work in concurrent contexts
- Test case: Create JSON in one actor, pass to another actor, read values

**Affected Files:**
- Source/SwiftyJSON/SwiftyJSON.swift (lines 82, 274, 342)

---

## Member 5: Add Concurrency Integration Test

Create a new test file with comprehensive tests that verify JSON works correctly across actor boundaries, demonstrating the practical benefits of Swift 6 Sendable conformance.

### Acceptance Criteria

- [ ] New test file created at `Tests/SwiftJSONTests/ConcurrencyTests.swift`
- [ ] Test imports XCTest and SwiftyJSON with `import` statements
- [ ] Test class inherits from XCTestCase
- [ ] Test verifies JSON can be passed to actor-isolated functions
- [ ] Test verifies JSON can be captured in @Sendable closures and used in Task
- [ ] Test verifies JSON parsing and access works in async contexts
- [ ] Test verifies multiple actors can safely read from the same JSON concurrently
- [ ] Test includes at least one test with array JSON data
- [ ] Test includes at least one test with dictionary JSON data
- [ ] Test includes error handling across actor boundaries (SwiftyJSONError)
- [ ] All concurrency tests pass when run with `swift test`
- [ ] No Sendable-related compiler warnings in test file

### Edge Cases

- Test with complex nested JSON structures (arrays within dictionaries within arrays)
- Test with JSON containing all types: string, number, bool, null, array, dictionary
- Test that JSON subscripting works correctly in concurrent contexts without data races
- Test MainActor isolation - verify JSON can be passed to @MainActor functions
- Test Task.detached to ensure JSON works in completely isolated concurrency contexts
- Test async/await with JSON parsing from network-like data sources

### Example Test Cases

For this feature, verify:

**Test 1: Actor Boundary Passing**
```swift
actor DataProcessor {
    func process(_ json: JSON) -> String {
        return json["name"].stringValue
    }
}
let json = JSON(["name": "Test"])
let processor = DataProcessor()
let result = await processor.process(json)
XCTAssertEqual(result, "Test")
```

**Test 2: Sendable Closure Capture**
```swift
let json = JSON(["count": 42])
let task = Task {
    return json["count"].intValue
}
let value = await task.value
XCTAssertEqual(value, 42)
```

**Test 3: Async JSON Parsing**
```swift
let data = "{\"status\":\"ok\"}".data(using: .utf8)!
let task = Task {
    let json = try JSON(data: data)
    return json["status"].stringValue
}
let status = try await task.value
XCTAssertEqual(status, "ok")
```

**Test 4: Error Throwing Across Actors**
```swift
actor Parser {
    func parse(_ data: Data) throws -> JSON {
        return try JSON(data: data)
    }
}
let parser = Parser()
let invalidData = "invalid".data(using: .utf8)!
do {
    _ = try await parser.parse(invalidData)
    XCTFail("Should throw error")
} catch {
    XCTAssert(error is SwiftyJSONError)
}
```

**Test 5: Concurrent Read Access**
```swift
let json = JSON(["values": [1, 2, 3, 4, 5]])
await withTaskGroup(of: Int.self) { group in
    for i in 0..<5 {
        group.addTask {
            return json["values"][i].intValue
        }
    }
    var sum = 0
    for await value in group {
        sum += value
    }
    XCTAssertEqual(sum, 15)
}
```

**Affected Files:**
- Tests/SwiftJSONTests/ConcurrencyTests.swift (new file)

---

## Member 6: Final Verification and Validation

Perform comprehensive validation that all acceptance criteria from the driver spec are met, ensuring the Swift 6 upgrade is complete and production-ready.

### Acceptance Criteria

- [ ] Run full test suite: `swift test` shows all 147+ tests passing (original 147 plus new concurrency tests)
- [ ] Verify no compiler warnings with `swift build 2>&1 | grep warning` returns empty
- [ ] Verify Package.swift has swift-tools-version:6.0
- [ ] Verify Package.swift has no swiftLanguageVersions lock
- [ ] Verify JSON struct has Sendable conformance in source code
- [ ] Verify SwiftyJSONError enum has Sendable conformance in source code
- [ ] Verify Type enum has Sendable conformance in source code
- [ ] Verify concurrency test file exists and contains actor boundary tests
- [ ] Build in release mode succeeds: `swift build -c release`
- [ ] Run tests in release mode: `swift test -c release` passes

### Edge Cases

- Run tests multiple times to check for any flaky concurrent behavior
- Verify the library can be imported into a Swift 6 project with strict concurrency checking enabled
- Check that there are no deprecation warnings for Swift 6
- Verify backward compatibility: ensure the library can still be used in Swift 5.x projects (API compatibility)
- Test on different platforms if possible (macOS, Linux) to ensure cross-platform compatibility

### Example Test Cases

Verify:
- Clean build from scratch succeeds: `swift package clean && swift build`
- Test discovery works: `swift test --list-tests` shows all tests including new ConcurrencyTests
- Package can be resolved: `swift package resolve` succeeds
- Generated documentation (if any) builds without warnings
- Sample usage code compiles in Swift 6 mode with JSON passed across actors

**Affected Files:**
- All files from previous members (verification only, no changes)

---

This split follows a logical progression:
1. **Member 1** updates the build configuration (low-risk, foundational)
2. **Members 2-3** add Sendable to simple enums (low-risk, parallel-ready)
3. **Member 4** tackles the complex JSON struct Sendable conformance (main work)
4. **Member 5** proves it works with comprehensive tests (validation)
5. **Member 6** ensures everything is complete (final verification)

Members 2 and 3 could potentially be parallelized since they're independent. Each member leaves the code in a compilable state and can be validated independently.
